INFO: [v++ 60-1306] Additional information associated with this v++ link can be found at:
	Reports: /home/marcod/VitisFF/kernels/_x/reports/link
	Log files: /home/marcod/VitisFF/kernels/_x/logs/link
INFO: [v++ 60-1548] Creating build summary session with primary output /home/marcod/VitisFF/kernels/krnl_vsub.xclbin.link_summary, at Thu Jun 23 17:19:27 2022
INFO: [v++ 60-1316] Initiating connection to rulecheck server, at Thu Jun 23 17:19:27 2022
INFO: [v++ 60-1315] Creating rulecheck session with output '/home/marcod/VitisFF/kernels/_x/reports/link/v++_link_krnl_vsub_guidance.html', at Thu Jun 23 17:19:29 2022
INFO: [v++ 60-895]   Target platform: /opt/xilinx/platforms/xilinx_u50_gen3x16_xdma_201920_3/xilinx_u50_gen3x16_xdma_201920_3.xpfm
INFO: [v++ 60-1578]   This platform contains Xilinx Shell Archive '/opt/xilinx/platforms/xilinx_u50_gen3x16_xdma_201920_3/hw/hw.xsa'
INFO: [v++ 74-78] Compiler Version string: 2022.1
INFO: [v++ 60-1302] Platform 'xilinx_u50_gen3x16_xdma_201920_3.xpfm' has been explicitly enabled for this release.
INFO: [v++ 60-629] Linking for software emulation target
INFO: [v++ 60-423]   Target device: xilinx_u50_gen3x16_xdma_201920_3
INFO: [v++ 60-645] kernel flags are ''
INFO: [v++ 60-586] Created krnl_vsub.xclbin
INFO: [v++ 60-1307] Run completed. Additional information can be found in:
	Guidance: /home/marcod/VitisFF/kernels/_x/reports/link/v++_link_krnl_vsub_guidance.html
	Steps Log File: /home/marcod/VitisFF/kernels/_x/logs/link/link.steps.log

INFO: [v++ 60-2343] Use the vitis_analyzer tool to visualize and navigate the relevant reports. Run the following command. 
    vitis_analyzer /home/marcod/VitisFF/kernels/krnl_vsub.xclbin.link_summary 
INFO: [v++ 60-791] Total elapsed time: 0h 0m 21s
