Thu Jun 23 16:55:46 2022: Running xcd server. This server was built by gradle.
Thu Jun 23 16:55:46 2022: Server was asked to start on port: '38787'
Thu Jun 23 16:55:46 2022: Server is using token UUID: 'eb8576e4-b2e6-455c-bf75-a35c05d5c20f'
Thu Jun 23 16:55:46 2022: SESSION_MGR: creating session with session uuid: '6d04a3e9-ade5-4ab9-8d63-1f78fcd2ec76' and name 'default'
Thu Jun 23 16:55:46 2022: Attempting to start server on port '38787'
Thu Jun 23 16:55:46 2022: XCD main fifo: created main fifo '/tmp/xcdmaineb8576e4-b2e6-455c-bf75-a35c05d5c20f', fd read = 13
Thu Jun 23 16:55:46 2022: Running Dispatch Server
Thu Jun 23 16:55:46 2022: Version 2.2.0
Thu Jun 23 16:55:54 2022: Dispatch Server: Accepted socket connection from client
Thu Jun 23 16:55:54 2022: Starting Socket connection
Thu Jun 23 16:55:54 2022: EXCHANGE_TOKEN received, server token: eb8576e4-b2e6-455c-bf75-a35c05d5c20f, passed token: eb8576e4-b2e6-455c-bf75-a35c05d5c20f
Thu Jun 23 16:55:55 2022: DISPATCH_HANDLER: Adding handler from function makeHandler in library libxv_system_diagram
Thu Jun 23 16:55:55 2022: SESSION_MGR: creating session with session uuid: 'bd87e3cc-ad93-40ed-9353-c37a0760cf21' and name 'v++_compile_krnl_vadd'
Thu Jun 23 16:55:55 2022: KERNEL_SVC: creating session with uuid: 'bd87e3cc-ad93-40ed-9353-c37a0760cf21' and name 'v++_compile_krnl_vadd'
Thu Jun 23 16:55:55 2022: GUIDANCE_SMGR: creating guidance session with uuid: 'bd87e3cc-ad93-40ed-9353-c37a0760cf21' and name 'v++_compile_krnl_vadd'
Thu Jun 23 16:55:55 2022: SYSTEM_DIAGRAM: creating session with uuid: 'bd87e3cc-ad93-40ed-9353-c37a0760cf21' and name 'v++_compile_krnl_vadd'
Thu Jun 23 16:56:12 2022: SESSION_MGR: closing session for UUID 'bd87e3cc-ad93-40ed-9353-c37a0760cf21' with name 'v++_compile_krnl_vadd'
Thu Jun 23 16:56:12 2022: KERNEL_SVC: closing session for UUID 'bd87e3cc-ad93-40ed-9353-c37a0760cf21' with name 'v++_compile_krnl_vadd'
Thu Jun 23 16:56:12 2022: GUIDANCE_SMGR: closing session for UUID 'bd87e3cc-ad93-40ed-9353-c37a0760cf21' with name 'v++_compile_krnl_vadd'
Thu Jun 23 16:56:12 2022: SYSTEM_DIAGRAM: closing session for UUID 'bd87e3cc-ad93-40ed-9353-c37a0760cf21' with name 'v++_compile_krnl_vadd'
Thu Jun 23 16:56:12 2022: STOP_SERVER received, server token: eb8576e4-b2e6-455c-bf75-a35c05d5c20f, passed token: eb8576e4-b2e6-455c-bf75-a35c05d5c20f
Thu Jun 23 16:56:12 2022: Socket received request to stop server.
Thu Jun 23 16:56:12 2022: Dispatch Server: do_await_stop
Thu Jun 23 16:56:12 2022: Dispatch Server: stopping mainFifo_
Thu Jun 23 16:56:12 2022: XCD main fifo: Stopping
Thu Jun 23 16:56:12 2022: XCD main fifo: do_read error code: Operation canceled
Thu Jun 23 16:56:12 2022: XCD main fifo: bytes_transferred: 0
Thu Jun 23 16:56:12 2022: SERVER: destructor for server bound to port 38787
Thu Jun 23 16:56:12 2022: XCD main fifo: Good unlink of /tmp/xcdmaineb8576e4-b2e6-455c-bf75-a35c05d5c20f
Thu Jun 23 16:56:12 2022: Server exiting with status 0.
Thu Jun 23 16:56:12 2022: Closing log file.
Thu Jun 23 16:56:16 2022: Running xcd server. This server was built by gradle.
Thu Jun 23 16:56:16 2022: Server was asked to start on port: '46281'
Thu Jun 23 16:56:16 2022: Server is using token UUID: '483e11e3-d5c2-48e5-ac5a-99546e057510'
Thu Jun 23 16:56:16 2022: SESSION_MGR: creating session with session uuid: '6d04a3e9-ade5-4ab9-8d63-1f78fcd2ec76' and name 'default'
Thu Jun 23 16:56:16 2022: Attempting to start server on port '46281'
Thu Jun 23 16:56:16 2022: XCD main fifo: created main fifo '/tmp/xcdmain483e11e3-d5c2-48e5-ac5a-99546e057510', fd read = 13
Thu Jun 23 16:56:16 2022: Running Dispatch Server
Thu Jun 23 16:56:16 2022: Version 2.2.0
Thu Jun 23 16:56:24 2022: Dispatch Server: Accepted socket connection from client
Thu Jun 23 16:56:24 2022: Starting Socket connection
Thu Jun 23 16:56:24 2022: EXCHANGE_TOKEN received, server token: 483e11e3-d5c2-48e5-ac5a-99546e057510, passed token: 483e11e3-d5c2-48e5-ac5a-99546e057510
Thu Jun 23 16:56:25 2022: DISPATCH_HANDLER: Adding handler from function makeHandler in library libxv_system_diagram
Thu Jun 23 16:56:25 2022: SESSION_MGR: creating session with session uuid: '93eb00cc-baf0-4a08-a66d-eb608f24c40a' and name 'v++_link_krnl_vadd'
Thu Jun 23 16:56:25 2022: KERNEL_SVC: creating session with uuid: '93eb00cc-baf0-4a08-a66d-eb608f24c40a' and name 'v++_link_krnl_vadd'
Thu Jun 23 16:56:25 2022: GUIDANCE_SMGR: creating guidance session with uuid: '93eb00cc-baf0-4a08-a66d-eb608f24c40a' and name 'v++_link_krnl_vadd'
Thu Jun 23 16:56:25 2022: SYSTEM_DIAGRAM: creating session with uuid: '93eb00cc-baf0-4a08-a66d-eb608f24c40a' and name 'v++_link_krnl_vadd'
Thu Jun 23 16:56:36 2022: SESSION_MGR: closing session for UUID '93eb00cc-baf0-4a08-a66d-eb608f24c40a' with name 'v++_link_krnl_vadd'
Thu Jun 23 16:56:36 2022: KERNEL_SVC: closing session for UUID '93eb00cc-baf0-4a08-a66d-eb608f24c40a' with name 'v++_link_krnl_vadd'
Thu Jun 23 16:56:36 2022: GUIDANCE_SMGR: closing session for UUID '93eb00cc-baf0-4a08-a66d-eb608f24c40a' with name 'v++_link_krnl_vadd'
Thu Jun 23 16:56:36 2022: SYSTEM_DIAGRAM: closing session for UUID '93eb00cc-baf0-4a08-a66d-eb608f24c40a' with name 'v++_link_krnl_vadd'
Thu Jun 23 16:56:36 2022: STOP_SERVER received, server token: 483e11e3-d5c2-48e5-ac5a-99546e057510, passed token: 483e11e3-d5c2-48e5-ac5a-99546e057510
Thu Jun 23 16:56:36 2022: Socket received request to stop server.
Thu Jun 23 16:56:36 2022: Dispatch Server: do_await_stop
Thu Jun 23 16:56:36 2022: Dispatch Server: stopping mainFifo_
Thu Jun 23 16:56:36 2022: XCD main fifo: Stopping
Thu Jun 23 16:56:36 2022: XCD main fifo: do_read error code: Operation canceled
Thu Jun 23 16:56:36 2022: XCD main fifo: bytes_transferred: 0
Thu Jun 23 16:56:36 2022: SERVER: destructor for server bound to port 46281
Thu Jun 23 16:56:36 2022: XCD main fifo: Good unlink of /tmp/xcdmain483e11e3-d5c2-48e5-ac5a-99546e057510
Thu Jun 23 16:56:36 2022: Server exiting with status 0.
Thu Jun 23 16:56:36 2022: Closing log file.
Thu Jun 23 17:17:39 2022: Running xcd server. This server was built by gradle.
Thu Jun 23 17:17:39 2022: Server was asked to start on port: '41975'
Thu Jun 23 17:17:39 2022: Server is using token UUID: '5f08c061-9c74-4ba5-b321-e4c42a1358ea'
Thu Jun 23 17:17:39 2022: SESSION_MGR: creating session with session uuid: '6d04a3e9-ade5-4ab9-8d63-1f78fcd2ec76' and name 'default'
Thu Jun 23 17:17:39 2022: Attempting to start server on port '41975'
Thu Jun 23 17:17:39 2022: XCD main fifo: created main fifo '/tmp/xcdmain5f08c061-9c74-4ba5-b321-e4c42a1358ea', fd read = 13
Thu Jun 23 17:17:39 2022: Running Dispatch Server
Thu Jun 23 17:17:39 2022: Version 2.2.0
Thu Jun 23 17:17:48 2022: Dispatch Server: Accepted socket connection from client
Thu Jun 23 17:17:48 2022: Starting Socket connection
Thu Jun 23 17:17:48 2022: EXCHANGE_TOKEN received, server token: 5f08c061-9c74-4ba5-b321-e4c42a1358ea, passed token: 5f08c061-9c74-4ba5-b321-e4c42a1358ea
Thu Jun 23 17:17:48 2022: DISPATCH_HANDLER: Adding handler from function makeHandler in library libxv_system_diagram
Thu Jun 23 17:17:48 2022: SESSION_MGR: creating session with session uuid: '9d50c7ad-ac2b-4ae5-8489-8a615a81d3f9' and name 'v++_compile_krnl_vsub'
Thu Jun 23 17:17:48 2022: KERNEL_SVC: creating session with uuid: '9d50c7ad-ac2b-4ae5-8489-8a615a81d3f9' and name 'v++_compile_krnl_vsub'
Thu Jun 23 17:17:48 2022: GUIDANCE_SMGR: creating guidance session with uuid: '9d50c7ad-ac2b-4ae5-8489-8a615a81d3f9' and name 'v++_compile_krnl_vsub'
Thu Jun 23 17:17:48 2022: SYSTEM_DIAGRAM: creating session with uuid: '9d50c7ad-ac2b-4ae5-8489-8a615a81d3f9' and name 'v++_compile_krnl_vsub'
Thu Jun 23 17:18:05 2022: SESSION_MGR: closing session for UUID '9d50c7ad-ac2b-4ae5-8489-8a615a81d3f9' with name 'v++_compile_krnl_vsub'
Thu Jun 23 17:18:05 2022: KERNEL_SVC: closing session for UUID '9d50c7ad-ac2b-4ae5-8489-8a615a81d3f9' with name 'v++_compile_krnl_vsub'
Thu Jun 23 17:18:05 2022: GUIDANCE_SMGR: closing session for UUID '9d50c7ad-ac2b-4ae5-8489-8a615a81d3f9' with name 'v++_compile_krnl_vsub'
Thu Jun 23 17:18:05 2022: SYSTEM_DIAGRAM: closing session for UUID '9d50c7ad-ac2b-4ae5-8489-8a615a81d3f9' with name 'v++_compile_krnl_vsub'
Thu Jun 23 17:18:05 2022: STOP_SERVER received, server token: 5f08c061-9c74-4ba5-b321-e4c42a1358ea, passed token: 5f08c061-9c74-4ba5-b321-e4c42a1358ea
Thu Jun 23 17:18:05 2022: Socket received request to stop server.
Thu Jun 23 17:18:05 2022: Dispatch Server: do_await_stop
Thu Jun 23 17:18:05 2022: Dispatch Server: stopping mainFifo_
Thu Jun 23 17:18:05 2022: XCD main fifo: Stopping
Thu Jun 23 17:18:05 2022: XCD main fifo: do_read error code: Operation canceled
Thu Jun 23 17:18:05 2022: XCD main fifo: bytes_transferred: 0
Thu Jun 23 17:18:05 2022: SERVER: destructor for server bound to port 41975
Thu Jun 23 17:18:05 2022: XCD main fifo: Good unlink of /tmp/xcdmain5f08c061-9c74-4ba5-b321-e4c42a1358ea
Thu Jun 23 17:18:05 2022: Server exiting with status 0.
Thu Jun 23 17:18:05 2022: Closing log file.
Thu Jun 23 17:18:48 2022: Running xcd server. This server was built by gradle.
Thu Jun 23 17:18:48 2022: Server was asked to start on port: '45729'
Thu Jun 23 17:18:48 2022: Server is using token UUID: '6ec9b29e-4e63-439e-8b1e-859f43909610'
Thu Jun 23 17:18:48 2022: SESSION_MGR: creating session with session uuid: '6d04a3e9-ade5-4ab9-8d63-1f78fcd2ec76' and name 'default'
Thu Jun 23 17:18:48 2022: Attempting to start server on port '45729'
Thu Jun 23 17:18:48 2022: XCD main fifo: created main fifo '/tmp/xcdmain6ec9b29e-4e63-439e-8b1e-859f43909610', fd read = 13
Thu Jun 23 17:18:48 2022: Running Dispatch Server
Thu Jun 23 17:18:48 2022: Version 2.2.0
Thu Jun 23 17:18:56 2022: Dispatch Server: Accepted socket connection from client
Thu Jun 23 17:18:56 2022: Starting Socket connection
Thu Jun 23 17:18:56 2022: EXCHANGE_TOKEN received, server token: 6ec9b29e-4e63-439e-8b1e-859f43909610, passed token: 6ec9b29e-4e63-439e-8b1e-859f43909610
Thu Jun 23 17:18:56 2022: DISPATCH_HANDLER: Adding handler from function makeHandler in library libxv_system_diagram
Thu Jun 23 17:18:56 2022: SESSION_MGR: creating session with session uuid: 'ae7e931d-5889-4407-8294-25e04eeee833' and name 'v++_compile_krnl_vsub'
Thu Jun 23 17:18:56 2022: KERNEL_SVC: creating session with uuid: 'ae7e931d-5889-4407-8294-25e04eeee833' and name 'v++_compile_krnl_vsub'
Thu Jun 23 17:18:56 2022: GUIDANCE_SMGR: creating guidance session with uuid: 'ae7e931d-5889-4407-8294-25e04eeee833' and name 'v++_compile_krnl_vsub'
Thu Jun 23 17:18:56 2022: SYSTEM_DIAGRAM: creating session with uuid: 'ae7e931d-5889-4407-8294-25e04eeee833' and name 'v++_compile_krnl_vsub'
Thu Jun 23 17:19:14 2022: SESSION_MGR: closing session for UUID 'ae7e931d-5889-4407-8294-25e04eeee833' with name 'v++_compile_krnl_vsub'
Thu Jun 23 17:19:14 2022: KERNEL_SVC: closing session for UUID 'ae7e931d-5889-4407-8294-25e04eeee833' with name 'v++_compile_krnl_vsub'
Thu Jun 23 17:19:14 2022: GUIDANCE_SMGR: closing session for UUID 'ae7e931d-5889-4407-8294-25e04eeee833' with name 'v++_compile_krnl_vsub'
Thu Jun 23 17:19:14 2022: SYSTEM_DIAGRAM: closing session for UUID 'ae7e931d-5889-4407-8294-25e04eeee833' with name 'v++_compile_krnl_vsub'
Thu Jun 23 17:19:14 2022: STOP_SERVER received, server token: 6ec9b29e-4e63-439e-8b1e-859f43909610, passed token: 6ec9b29e-4e63-439e-8b1e-859f43909610
Thu Jun 23 17:19:14 2022: Socket received request to stop server.
Thu Jun 23 17:19:14 2022: Dispatch Server: do_await_stop
Thu Jun 23 17:19:14 2022: Dispatch Server: stopping mainFifo_
Thu Jun 23 17:19:14 2022: XCD main fifo: Stopping
Thu Jun 23 17:19:14 2022: XCD main fifo: do_read error code: Operation canceled
Thu Jun 23 17:19:14 2022: XCD main fifo: bytes_transferred: 0
Thu Jun 23 17:19:14 2022: SERVER: destructor for server bound to port 45729
Thu Jun 23 17:19:14 2022: XCD main fifo: Good unlink of /tmp/xcdmain6ec9b29e-4e63-439e-8b1e-859f43909610
Thu Jun 23 17:19:14 2022: Server exiting with status 0.
Thu Jun 23 17:19:14 2022: Closing log file.
Thu Jun 23 17:19:18 2022: Running xcd server. This server was built by gradle.
Thu Jun 23 17:19:18 2022: Server was asked to start on port: '45159'
Thu Jun 23 17:19:18 2022: Server is using token UUID: 'dd3fec81-11dd-423f-867b-1a6ea782b297'
Thu Jun 23 17:19:18 2022: SESSION_MGR: creating session with session uuid: '6d04a3e9-ade5-4ab9-8d63-1f78fcd2ec76' and name 'default'
Thu Jun 23 17:19:18 2022: Attempting to start server on port '45159'
Thu Jun 23 17:19:18 2022: XCD main fifo: created main fifo '/tmp/xcdmaindd3fec81-11dd-423f-867b-1a6ea782b297', fd read = 13
Thu Jun 23 17:19:18 2022: Running Dispatch Server
Thu Jun 23 17:19:18 2022: Version 2.2.0
Thu Jun 23 17:19:26 2022: Dispatch Server: Accepted socket connection from client
Thu Jun 23 17:19:26 2022: Starting Socket connection
Thu Jun 23 17:19:26 2022: EXCHANGE_TOKEN received, server token: dd3fec81-11dd-423f-867b-1a6ea782b297, passed token: dd3fec81-11dd-423f-867b-1a6ea782b297
Thu Jun 23 17:19:27 2022: DISPATCH_HANDLER: Adding handler from function makeHandler in library libxv_system_diagram
Thu Jun 23 17:19:27 2022: SESSION_MGR: creating session with session uuid: 'c711cbf5-ca61-4519-bf00-b462c731a35c' and name 'v++_link_krnl_vsub'
Thu Jun 23 17:19:27 2022: KERNEL_SVC: creating session with uuid: 'c711cbf5-ca61-4519-bf00-b462c731a35c' and name 'v++_link_krnl_vsub'
Thu Jun 23 17:19:27 2022: GUIDANCE_SMGR: creating guidance session with uuid: 'c711cbf5-ca61-4519-bf00-b462c731a35c' and name 'v++_link_krnl_vsub'
Thu Jun 23 17:19:27 2022: SYSTEM_DIAGRAM: creating session with uuid: 'c711cbf5-ca61-4519-bf00-b462c731a35c' and name 'v++_link_krnl_vsub'
Thu Jun 23 17:19:38 2022: SESSION_MGR: closing session for UUID 'c711cbf5-ca61-4519-bf00-b462c731a35c' with name 'v++_link_krnl_vsub'
Thu Jun 23 17:19:38 2022: KERNEL_SVC: closing session for UUID 'c711cbf5-ca61-4519-bf00-b462c731a35c' with name 'v++_link_krnl_vsub'
Thu Jun 23 17:19:38 2022: GUIDANCE_SMGR: closing session for UUID 'c711cbf5-ca61-4519-bf00-b462c731a35c' with name 'v++_link_krnl_vsub'
Thu Jun 23 17:19:38 2022: SYSTEM_DIAGRAM: closing session for UUID 'c711cbf5-ca61-4519-bf00-b462c731a35c' with name 'v++_link_krnl_vsub'
Thu Jun 23 17:19:38 2022: STOP_SERVER received, server token: dd3fec81-11dd-423f-867b-1a6ea782b297, passed token: dd3fec81-11dd-423f-867b-1a6ea782b297
Thu Jun 23 17:19:38 2022: Socket received request to stop server.
Thu Jun 23 17:19:38 2022: Dispatch Server: do_await_stop
Thu Jun 23 17:19:38 2022: Dispatch Server: stopping mainFifo_
Thu Jun 23 17:19:38 2022: XCD main fifo: Stopping
Thu Jun 23 17:19:38 2022: XCD main fifo: do_read error code: Operation canceled
Thu Jun 23 17:19:38 2022: XCD main fifo: bytes_transferred: 0
Thu Jun 23 17:19:38 2022: SERVER: destructor for server bound to port 45159
Thu Jun 23 17:19:38 2022: XCD main fifo: Good unlink of /tmp/xcdmaindd3fec81-11dd-423f-867b-1a6ea782b297
Thu Jun 23 17:19:38 2022: Server exiting with status 0.
Thu Jun 23 17:19:38 2022: Closing log file.
